This is pdfTeX, Version 3.1415926-2.5-1.40.14 (TeX Live 2013) (format=pdflatex 2013.5.30)  22 JUL 2014 11:04
entering extended mode
 restricted \write18 enabled.
 %&-line parsing enabled.
**outline.tex
(./outline.tex
LaTeX2e <2011/06/27>
Babel <3.9f> and hyphenation patterns for 78 languages loaded.
(./sig-alternate.cls
(/usr/local/texlive/2013/texmf-dist/tex/latex/graphics/epsfig.sty
Package: epsfig 1999/02/16 v1.7a (e)psfig emulation (SPQR)

(/usr/local/texlive/2013/texmf-dist/tex/latex/graphics/graphicx.sty
Package: graphicx 1999/02/16 v1.0f Enhanced LaTeX Graphics (DPC,SPQR)

(/usr/local/texlive/2013/texmf-dist/tex/latex/graphics/keyval.sty
Package: keyval 1999/03/16 v1.13 key=value parser (DPC)
\KV@toks@=\toks14
)
(/usr/local/texlive/2013/texmf-dist/tex/latex/graphics/graphics.sty
Package: graphics 2009/02/05 v1.0o Standard LaTeX Graphics (DPC,SPQR)

(/usr/local/texlive/2013/texmf-dist/tex/latex/graphics/trig.sty
Package: trig 1999/03/16 v1.09 sin cos tan (DPC)
)
(/usr/local/texlive/2013/texmf-dist/tex/latex/latexconfig/graphics.cfg
File: graphics.cfg 2010/04/23 v1.9 graphics configuration of TeX Live
)
Package graphics Info: Driver file: pdftex.def on input line 91.

(/usr/local/texlive/2013/texmf-dist/tex/latex/pdftex-def/pdftex.def
File: pdftex.def 2011/05/27 v0.06d Graphics/color for pdfTeX

(/usr/local/texlive/2013/texmf-dist/tex/generic/oberdiek/infwarerr.sty
Package: infwarerr 2010/04/08 v1.3 Providing info/warning/error messages (HO)
)
(/usr/local/texlive/2013/texmf-dist/tex/generic/oberdiek/ltxcmds.sty
Package: ltxcmds 2011/11/09 v1.22 LaTeX kernel commands for general use (HO)
)
\Gread@gobject=\count79
))
\Gin@req@height=\dimen102
\Gin@req@width=\dimen103
)
\epsfxsize=\dimen104
\epsfysize=\dimen105
)
(/usr/local/texlive/2013/texmf-dist/tex/latex/amsfonts/amssymb.sty
Package: amssymb 2013/01/14 v3.01 AMS font symbols

(/usr/local/texlive/2013/texmf-dist/tex/latex/amsfonts/amsfonts.sty
Package: amsfonts 2013/01/14 v3.01 Basic AMSFonts support
\@emptytoks=\toks15
\symAMSa=\mathgroup4
\symAMSb=\mathgroup5
LaTeX Font Info:    Overwriting math alphabet `\mathfrak' in version `bold'
(Font)                  U/euf/m/n --> U/euf/b/n on input line 106.
))
(/usr/local/texlive/2013/texmf-dist/tex/latex/amsmath/amsmath.sty
Package: amsmath 2013/01/14 v2.14 AMS math features
\@mathmargin=\skip41

For additional information on amsmath, use the `?' option.
(/usr/local/texlive/2013/texmf-dist/tex/latex/amsmath/amstext.sty
Package: amstext 2000/06/29 v2.01

(/usr/local/texlive/2013/texmf-dist/tex/latex/amsmath/amsgen.sty
File: amsgen.sty 1999/11/30 v2.0
\@emptytoks=\toks16
\ex@=\dimen106
))
(/usr/local/texlive/2013/texmf-dist/tex/latex/amsmath/amsbsy.sty
Package: amsbsy 1999/11/29 v1.2d
\pmbraise@=\dimen107
)
(/usr/local/texlive/2013/texmf-dist/tex/latex/amsmath/amsopn.sty
Package: amsopn 1999/12/14 v2.01 operator names
)
\inf@bad=\count80
LaTeX Info: Redefining \frac on input line 210.
\uproot@=\count81
\leftroot@=\count82
LaTeX Info: Redefining \overline on input line 306.
\classnum@=\count83
\DOTSCASE@=\count84
LaTeX Info: Redefining \ldots on input line 378.
LaTeX Info: Redefining \dots on input line 381.
LaTeX Info: Redefining \cdots on input line 466.
\Mathstrutbox@=\box26
\strutbox@=\box27
\big@size=\dimen108
LaTeX Font Info:    Redeclaring font encoding OML on input line 566.
LaTeX Font Info:    Redeclaring font encoding OMS on input line 567.
\macc@depth=\count85
\c@MaxMatrixCols=\count86
\dotsspace@=\muskip10
\c@parentequation=\count87
\dspbrk@lvl=\count88
\tag@help=\toks17
\row@=\count89
\column@=\count90
\maxfields@=\count91
\andhelp@=\toks18
\eqnshift@=\dimen109
\alignsep@=\dimen110
\tagshift@=\dimen111
\tagwidth@=\dimen112
\totwidth@=\dimen113
\lineht@=\dimen114
\@envbody=\toks19
\multlinegap=\skip42
\multlinetaggap=\skip43
\mathdisplay@stack=\toks20
LaTeX Info: Redefining \[ on input line 2665.
LaTeX Info: Redefining \] on input line 2666.
)
Document Class 'sig-alternate' <23rd. May '12>. Modified by G.K.M. Tobin/Gerry 
Murray
Based in part upon document Style `acmconf' <22 May 89>. Hacked 4/91 by
shivers@cs.cmu.edu, 4/93 by theobald@cs.mcgill.ca
Excerpts were taken from (Journal Style) 'esub2acm.cls'.
****** Bugs/comments/suggestions/technicalities to Gerry Murray -- murray@hq.ac
m.org ******
Questions on the style, SIGS policies, etc. to Adrienne Griscti griscti@acm.org

\footheight=\dimen115
\@maxsep=\dimen116
\@dblmaxsep=\dimen117
\aucount=\count92
\originalaucount=\count93
\auwidth=\dimen118
\auskip=\dimen119
\auskipcount=\count94
\auskip=\dimen120
\allauboxes=\dimen121
\addauthors=\toks21
\addauflag=\count95
\subtitletext=\toks22
\savesection=\count96
\sectioncntr=\count97
\c@figure=\count98
\c@table=\count99
\titleboxnotes=\toks23
\titleboxnoteflag=\count100
Document Class: sig-alternate 2012/05/23 - V2.5 - based on acmproc.cls V1.3 <No
v. 30 '99>
(/usr/local/texlive/2013/texmf-dist/tex/latex/base/latexsym.sty
Package: latexsym 1998/08/17 v2.2e Standard LaTeX package (lasy symbols)
\symlasy=\mathgroup6
LaTeX Font Info:    Overwriting symbol font `lasy' in version `bold'
(Font)                  U/lasy/m/n --> U/lasy/b/n on input line 47.
)
\@acmtitlebox=\box28
\titlenotecount=\count101
\tntoks=\toks24
\tntokstwo=\toks25
\tntoksthree=\toks26
\tntoksfour=\toks27
\tntoksfive=\toks28
\catcount=\count102
\copyrightnotice=\toks29
\conf=\toks30
\confinfo=\toks31
\c@part=\count103
\c@section=\count104
\c@subsection=\count105
\c@subsubsection=\count106
\c@paragraph=\count107

Using 'Abbrev' bibliography style
LaTeX Info: Redefining \cite on input line 1211.
\bibindent=\dimen122
\colcntr=\count108
\saveb@x=\box29
\copyrtyr=\toks32
\acmcopyr=\toks33
\boilerplate=\toks34
\copyrightetc=\toks35
(/usr/local/texlive/2013/texmf-dist/tex/latex/base/fontenc.sty
Package: fontenc 2005/09/27 v1.99g Standard LaTeX package

(/usr/local/texlive/2013/texmf-dist/tex/latex/base/t1enc.def
File: t1enc.def 2005/09/27 v1.99g Standard LaTeX file
LaTeX Font Info:    Redeclaring font encoding T1 on input line 43.
)
LaTeX Font Info:    Try loading font information for T1+aer on input line 100.

(/usr/local/texlive/2013/texmf-dist/tex/latex/ae/t1aer.fd
File: t1aer.fd 1997/11/16 Font definitions for T1/aer.
)))
(/usr/local/texlive/2013/texmf-dist/tex/latex/listings/listings.sty
\lst@mode=\count109
\lst@gtempboxa=\box30
\lst@token=\toks36
\lst@length=\count110
\lst@currlwidth=\dimen123
\lst@column=\count111
\lst@pos=\count112
\lst@lostspace=\dimen124
\lst@width=\dimen125
\lst@newlines=\count113
\lst@lineno=\count114
\abovecaptionskip=\skip44
\belowcaptionskip=\skip45
\lst@maxwidth=\dimen126

(/usr/local/texlive/2013/texmf-dist/tex/latex/listings/lstmisc.sty
File: lstmisc.sty 2007/02/22 1.4 (Carsten Heinz)
\c@lstnumber=\count115
\lst@skipnumbers=\count116
\lst@framebox=\box31
)
(/usr/local/texlive/2013/texmf-dist/tex/latex/listings/listings.cfg
File: listings.cfg 2007/02/22 1.4 listings configuration
))
Package: listings 2007/02/22 1.4 (Carsten Heinz)

(./outline.aux

LaTeX Warning: Label `exp3dist' multiply defined.

)
\openout1 = `outline.aux'.

LaTeX Font Info:    Checking defaults for OML/cmm/m/it on input line 9.
LaTeX Font Info:    ... okay on input line 9.
LaTeX Font Info:    Checking defaults for T1/cmr/m/n on input line 9.
LaTeX Font Info:    ... okay on input line 9.
LaTeX Font Info:    Checking defaults for OT1/cmr/m/n on input line 9.
LaTeX Font Info:    ... okay on input line 9.
LaTeX Font Info:    Checking defaults for OMS/cmsy/m/n on input line 9.
LaTeX Font Info:    ... okay on input line 9.
LaTeX Font Info:    Checking defaults for OMX/cmex/m/n on input line 9.
LaTeX Font Info:    ... okay on input line 9.
LaTeX Font Info:    Checking defaults for U/cmr/m/n on input line 9.
LaTeX Font Info:    ... okay on input line 9.
 (/usr/local/texlive/2013/texmf-dist/tex/context/base/supp-pdf.mkii
[Loading MPS to PDF converter (version 2006.09.02).]
\scratchcounter=\count117
\scratchdimen=\dimen127
\scratchbox=\box32
\nofMPsegments=\count118
\nofMParguments=\count119
\everyMPshowfont=\toks37
\MPscratchCnt=\count120
\MPscratchDim=\dimen128
\MPnumerator=\count121
\makeMPintoPDFobject=\count122
\everyMPtoPDFconversion=\toks38
) (/usr/local/texlive/2013/texmf-dist/tex/generic/oberdiek/pdftexcmds.sty
Package: pdftexcmds 2011/11/29 v0.20 Utility functions of pdfTeX for LuaTeX (HO
)

(/usr/local/texlive/2013/texmf-dist/tex/generic/oberdiek/ifluatex.sty
Package: ifluatex 2010/03/01 v1.3 Provides the ifluatex switch (HO)
Package ifluatex Info: LuaTeX not detected.
)
(/usr/local/texlive/2013/texmf-dist/tex/generic/oberdiek/ifpdf.sty
Package: ifpdf 2011/01/30 v2.3 Provides the ifpdf switch (HO)
Package ifpdf Info: pdfTeX in PDF mode is detected.
)
Package pdftexcmds Info: LuaTeX not detected.
Package pdftexcmds Info: \pdf@primitive is available.
Package pdftexcmds Info: \pdf@ifprimitive is available.
Package pdftexcmds Info: \pdfdraftmode found.
)
(/usr/local/texlive/2013/texmf-dist/tex/latex/oberdiek/epstopdf-base.sty
Package: epstopdf-base 2010/02/09 v2.5 Base part for package epstopdf

(/usr/local/texlive/2013/texmf-dist/tex/latex/oberdiek/grfext.sty
Package: grfext 2010/08/19 v1.1 Manage graphics extensions (HO)

(/usr/local/texlive/2013/texmf-dist/tex/generic/oberdiek/kvdefinekeys.sty
Package: kvdefinekeys 2011/04/07 v1.3 Define keys (HO)
))
(/usr/local/texlive/2013/texmf-dist/tex/latex/oberdiek/kvoptions.sty
Package: kvoptions 2011/06/30 v3.11 Key value format for package options (HO)

(/usr/local/texlive/2013/texmf-dist/tex/generic/oberdiek/kvsetkeys.sty
Package: kvsetkeys 2012/04/25 v1.16 Key value parser (HO)

(/usr/local/texlive/2013/texmf-dist/tex/generic/oberdiek/etexcmds.sty
Package: etexcmds 2011/02/16 v1.5 Avoid name clashes with e-TeX commands (HO)
Package etexcmds Info: Could not find \expanded.
(etexcmds)             That can mean that you are not using pdfTeX 1.50 or
(etexcmds)             that some package has redefined \expanded.
(etexcmds)             In the latter case, load this package earlier.
)))
Package grfext Info: Graphics extension search list:
(grfext)             [.png,.pdf,.jpg,.mps,.jpeg,.jbig2,.jb2,.PNG,.PDF,.JPG,.JPE
G,.JBIG2,.JB2,.eps]
(grfext)             \AppendGraphicsExtensions on input line 452.

(/usr/local/texlive/2013/texmf-dist/tex/latex/latexconfig/epstopdf-sys.cfg
File: epstopdf-sys.cfg 2010/07/13 v1.3 Configuration of (r)epstopdf for TeX Liv
e
))
\c@lstlisting=\count123
LaTeX Font Info:    Try loading font information for U+msa on input line 13.

(/usr/local/texlive/2013/texmf-dist/tex/latex/amsfonts/umsa.fd
File: umsa.fd 2013/01/14 v3.01 AMS symbols A
)
LaTeX Font Info:    Try loading font information for U+msb on input line 13.

(/usr/local/texlive/2013/texmf-dist/tex/latex/amsfonts/umsb.fd
File: umsb.fd 2013/01/14 v3.01 AMS symbols B
)
LaTeX Font Info:    Try loading font information for U+lasy on input line 13.

(/usr/local/texlive/2013/texmf-dist/tex/latex/base/ulasy.fd
File: ulasy.fd 1998/08/17 v2.2e LaTeX symbol font definitions
)

LaTeX Warning: No \author given.

(./introduction.tex
Overfull \hbox (1.67053pt too wide) in paragraph at lines 2--9
[]\T1/aer/m/n/9 Database sys-tems in-creas-ingly use ma-te-ri-al-iza-tion, cach
ing
 []


Overfull \hbox (3.83916pt too wide) in paragraph at lines 2--9
\T1/aer/m/n/9 a com-puted query re-sult, to speed up queries on large datasets
 []

) (./problem_statement.tex [1{/usr/local/texlive/2013/texmf-var/fonts/map/pdfte
x/updmap/pdftex.map}


]
Overfull \hbox (2.76859pt too wide) in paragraph at lines 8--18
[]\T1/aer/m/n/9 However, pre-computed query re-sults face the ob-vi-ous chal-
 []


Overfull \hbox (14.92593pt too wide) in paragraph at lines 95--95
[]\secfnt Extending Sam-ple-Clean For Cor-rect-ing Stal-
 []


Overfull \hbox (1.25006pt too wide) in paragraph at lines 96--101
[]\T1/aer/m/n/9 Given the three cat-e-gories of views and the SUM, COUNT,
 []

) (./architecture.tex [2] <figs/sys-arch.png, id=19, 605.1408pt x 273.1806pt>
File: figs/sys-arch.png Graphic file (type png)

<use figs/sys-arch.png>
Package pdftex.def Info: figs/sys-arch.png used on input line 7.
(pdftex.def)             Requested size: 240.0pt x 108.34491pt.

<figs/sample-clean-example.png, id=21, 510.708pt x 364.7226pt>
File: figs/sample-clean-example.png Graphic file (type png)

<use figs/sample-clean-example.png>
Package pdftex.def Info: figs/sample-clean-example.png used on input line 27.
(pdftex.def)             Requested size: 240.0pt x 171.39737pt.

Overfull \hbox (3.70642pt too wide) in paragraph at lines 32--35
\T1/aer/m/n/9 vide ex-am-ple sit-u-a-tions when view main-te-nance can be costl
y. 
 []

LaTeX Font Info:    Try loading font information for OMS+aer on input line 59.
(/usr/local/texlive/2013/texmf-dist/tex/latex/ae/omsaer.fd
File: omsaer.fd 1999/12/27
)
LaTeX Font Info:    Font shape `OMS/aer/m/n' in size <7> not available
(Font)              Font shape `OMS/cmsy/m/n' tried instead on input line 59.
 [3 <./figs/sys-arch.png> <./figs/sample-clean-example.png>]
Overfull \hbox (9.24995pt too wide) in paragraph at lines 142--142
[]\secfnt Reducing Main-te-nance Cost With Sam-pling 
 []

) (./correction.tex
Overfull \hbox (8.80614pt too wide) in paragraph at lines 44--44
[]\secfnt Corrections For Select-Project and Foreign-
 []


Overfull \hbox (1.67247pt too wide) in paragraph at lines 89--93
\T1/aer/m/n/9 This query fil-ters out the log records that came from browsers
 []

[4]
Overfull \hbox (18.00842pt too wide) in paragraph at lines 153--165
[][] 
 []


Overfull \hbox (18.00842pt too wide) in paragraph at lines 188--202
[][] 
 []

) (./sampling.tex
Overfull \hbox (13.98994pt too wide) in paragraph at lines 25--25
[]\secfnt Cost Anal-y-sis for Select-Project and Foreign-
 []

[5]
Overfull \hbox (4.98366pt too wide) in paragraph at lines 87--89
\T1/aer/m/n/9 posed so-lu-tion re-quire at least one scan of the in-serted reco
rds,
 []

[6]) (./outlier.tex) (./analysis.tex [7]) (./experiments.tex
Package epstopdf Info: Source file: <exp/exp1-samplesize-accuracy.eps>
(epstopdf)                    date: 2014-07-19 14:29:15
(epstopdf)                    size: 19538 bytes
(epstopdf)             Output file: <exp/exp1-samplesize-accuracy-eps-converted
-to.pdf>
(epstopdf)                    date: 2014-07-21 23:40:52
(epstopdf)                    size: 14474 bytes
(epstopdf)             Command: <repstopdf --outfile=exp/exp1-samplesize-accura
cy-eps-converted-to.pdf exp/exp1-samplesize-accuracy.eps>
(epstopdf)             \includegraphics on input line 79.
Package epstopdf Info: Output file is already uptodate.

<exp/exp1-samplesize-accuracy-eps-converted-to.pdf, id=49, 1444.39626pt x 359.3
425pt>
File: exp/exp1-samplesize-accuracy-eps-converted-to.pdf Graphic file (type pdf)

 <use exp/exp1-samplesize-accuracy-eps-converted-to.pdf>
Package pdftex.def Info: exp/exp1-samplesize-accuracy-eps-converted-to.pdf used
 on input line 79.
(pdftex.def)             Requested size: 504.0pt x 125.38794pt.


LaTeX Warning: Reference `exp2udpate' on page \thepage  undefined on input line
 92.

Package epstopdf Info: Source file: <exp/exp2-updatesize-accuracy.eps>
(epstopdf)                    date: 2014-07-20 23:25:12
(epstopdf)                    size: 18209 bytes
(epstopdf)             Output file: <exp/exp2-updatesize-accuracy-eps-converted
-to.pdf>
(epstopdf)                    date: 2014-07-21 23:59:28
(epstopdf)                    size: 11549 bytes
(epstopdf)             Command: <repstopdf --outfile=exp/exp2-updatesize-accura
cy-eps-converted-to.pdf exp/exp2-updatesize-accuracy.eps>
(epstopdf)             \includegraphics on input line 97.
Package epstopdf Info: Output file is already uptodate.

<exp/exp2-updatesize-accuracy-eps-converted-to.pdf, id=50, 1610.015pt x 364.361
25pt>
File: exp/exp2-updatesize-accuracy-eps-converted-to.pdf Graphic file (type pdf)

 <use exp/exp2-updatesize-accuracy-eps-converted-to.pdf>
Package pdftex.def Info: exp/exp2-updatesize-accuracy-eps-converted-to.pdf used
 on input line 97.
(pdftex.def)             Requested size: 504.0pt x 114.05719pt.

Overfull \hbox (2.33801pt too wide) in paragraph at lines 101--108
\T1/aer/m/n/9 records are in-serted the ap-prox-i-ma-tion er-ror in our ap-proa
che
 []

Package epstopdf Info: Source file: <exp/exp3-query-error-dist.eps>
(epstopdf)                    date: 2014-07-21 00:05:04
(epstopdf)                    size: 3333092 bytes
(epstopdf)             Output file: <exp/exp3-query-error-dist-eps-converted-to
.pdf>
(epstopdf)                    date: 2014-07-22 00:32:13
(epstopdf)                    size: 76527 bytes
(epstopdf)             Command: <repstopdf --outfile=exp/exp3-query-error-dist-
eps-converted-to.pdf exp/exp3-query-error-dist.eps>
(epstopdf)             \includegraphics on input line 119.
Package epstopdf Info: Output file is already uptodate.

<exp/exp3-query-error-dist-eps-converted-to.pdf, id=51, 1444.39626pt x 364.3612
5pt>
File: exp/exp3-query-error-dist-eps-converted-to.pdf Graphic file (type pdf)
 <use exp/exp3-query-error-dist-eps-converted-to.pdf>
Package pdftex.def Info: exp/exp3-query-error-dist-eps-converted-to.pdf used on
 input line 119.
(pdftex.def)             Requested size: 504.0pt x 127.13916pt.
 [8]
Package epstopdf Info: Source file: <exp/exp4-efficiency-tpcd-skew.eps>
(epstopdf)                    date: 2014-07-22 10:33:36
(epstopdf)                    size: 21744 bytes
(epstopdf)             Output file: <exp/exp4-efficiency-tpcd-skew-eps-converte
d-to.pdf>
(epstopdf)                    date: 2014-07-22 10:34:35
(epstopdf)                    size: 15118 bytes
(epstopdf)             Command: <repstopdf --outfile=exp/exp4-efficiency-tpcd-s
kew-eps-converted-to.pdf exp/exp4-efficiency-tpcd-skew.eps>
(epstopdf)             \includegraphics on input line 141.
Package epstopdf Info: Output file is already uptodate.

<exp/exp4-efficiency-tpcd-skew-eps-converted-to.pdf, id=55, 1452.42625pt x 361.
35pt>
File: exp/exp4-efficiency-tpcd-skew-eps-converted-to.pdf Graphic file (type pdf
)
 <use exp/exp4-efficiency-tpcd-skew-eps-converted-to.pdf>
Package pdftex.def Info: exp/exp4-efficiency-tpcd-skew-eps-converted-to.pdf use
d on input line 141.
(pdftex.def)             Requested size: 504.0pt x 125.38818pt.
Package epstopdf Info: Source file: <exp/exp5-coniva-accuracy.eps>
(epstopdf)                    date: 2014-07-21 00:22:22
(epstopdf)                    size: 20586 bytes
(epstopdf)             Output file: <exp/exp5-coniva-accuracy-eps-converted-to.
pdf>
(epstopdf)                    date: 2014-07-22 01:04:38
(epstopdf)                    size: 13403 bytes
(epstopdf)             Command: <repstopdf --outfile=exp/exp5-coniva-accuracy-e
ps-converted-to.pdf exp/exp5-coniva-accuracy.eps>
(epstopdf)             \includegraphics on input line 232.
Package epstopdf Info: Output file is already uptodate.

<exp/exp5-coniva-accuracy-eps-converted-to.pdf, id=56, 1444.39626pt x 364.36125
pt>
File: exp/exp5-coniva-accuracy-eps-converted-to.pdf Graphic file (type pdf)
 <use exp/exp5-coniva-accuracy-eps-converted-to.pdf>
Package pdftex.def Info: exp/exp5-coniva-accuracy-eps-converted-to.pdf used on 
input line 232.
(pdftex.def)             Requested size: 504.0pt x 127.13916pt.

Overfull \hbox (2.07678pt too wide) in paragraph at lines 237--243
\T1/aer/m/n/9 sup-ports ma-te-ri-al-ized views through a dis-tributed data stru
c-
 []

Package epstopdf Info: Source file: <exp/exp5-efficiency-conviva.eps>
(epstopdf)                    date: 2014-07-22 11:03:55
(epstopdf)                    size: 21989 bytes
(epstopdf)             Output file: <exp/exp5-efficiency-conviva-eps-converted-
to.pdf>
(epstopdf)             Command: <repstopdf --outfile=exp/exp5-efficiency-conviv
a-eps-converted-to.pdf exp/exp5-efficiency-conviva.eps>
(epstopdf)             \includegraphics on input line 247.
runsystem(repstopdf --outfile=exp/exp5-efficiency-conviva-eps-converted-to.pdf 
exp/exp5-efficiency-conviva.eps)...executed safely (allowed).

Package epstopdf Info: Result file: <exp/exp5-efficiency-conviva-eps-converted-
to.pdf>
(epstopdf)                    date: 2014-07-22 11:04:27
(epstopdf)                    size: 17164 bytes.

<exp/exp5-efficiency-conviva-eps-converted-to.pdf, id=57, 2165.08875pt x 429.60
5pt>
File: exp/exp5-efficiency-conviva-eps-converted-to.pdf Graphic file (type pdf)
 <use exp/exp5-efficiency-conviva-eps-converted-to.pdf>
Package pdftex.def Info: exp/exp5-efficiency-conviva-eps-converted-to.pdf used 
on input line 247.
(pdftex.def)             Requested size: 504.0pt x 100.00012pt.
)
No file outline.bbl.
[9] [10 <./exp/exp1-samplesize-accuracy-eps-converted-to.pdf> <./exp/exp2-updat
esize-accuracy-eps-converted-to.pdf> <./exp/exp3-query-error-dist-eps-converted
-to.pdf> <./exp/exp4-efficiency-tpcd-skew-eps-converted-to.pdf>] [11 <./exp/exp
5-coniva-accuracy-eps-converted-to.pdf> <./exp/exp5-efficiency-conviva-eps-conv
erted-to.pdf>] (./outline.aux)

LaTeX Warning: There were undefined references.


LaTeX Warning: There were multiply-defined labels.

 ) 
Here is how much of TeX's memory you used:
 4068 strings out of 493315
 55303 string characters out of 6137904
 135468 words of memory out of 5000000
 7398 multiletter control sequences out of 15000+600000
 56146 words of font info for 75 fonts, out of 8000000 for 9000
 957 hyphenation exceptions out of 8191
 41i,8n,32p,448b,1320s stack positions out of 5000i,500n,10000p,200000b,80000s
{/usr/local/texlive/2013/texmf-dist/fonts/enc/dvips/base/8r.enc}</usr/local/t
exlive/2013/texmf-dist/fonts/type1/public/amsfonts/cm/cmbx9.pfb></usr/local/tex
live/2013/texmf-dist/fonts/type1/public/amsfonts/cmextra/cmex7.pfb></usr/local/
texlive/2013/texmf-dist/fonts/type1/public/amsfonts/cmextra/cmex9.pfb></usr/loc
al/texlive/2013/texmf-dist/fonts/type1/public/amsfonts/cm/cmmi5.pfb></usr/local
/texlive/2013/texmf-dist/fonts/type1/public/amsfonts/cm/cmmi6.pfb></usr/local/t
exlive/2013/texmf-dist/fonts/type1/public/amsfonts/cm/cmmi7.pfb></usr/local/tex
live/2013/texmf-dist/fonts/type1/public/amsfonts/cm/cmmi9.pfb></usr/local/texli
ve/2013/texmf-dist/fonts/type1/public/amsfonts/cm/cmr6.pfb></usr/local/texlive/
2013/texmf-dist/fonts/type1/public/amsfonts/cm/cmr7.pfb></usr/local/texlive/201
3/texmf-dist/fonts/type1/public/amsfonts/cm/cmr9.pfb></usr/local/texlive/2013/t
exmf-dist/fonts/type1/public/amsfonts/cm/cmsy5.pfb></usr/local/texlive/2013/tex
mf-dist/fonts/type1/public/amsfonts/cm/cmsy6.pfb></usr/local/texlive/2013/texmf
-dist/fonts/type1/public/amsfonts/cm/cmsy7.pfb></usr/local/texlive/2013/texmf-d
ist/fonts/type1/public/amsfonts/cm/cmsy9.pfb></usr/local/texlive/2013/texmf-dis
t/fonts/type1/public/amsfonts/cm/cmti9.pfb></usr/local/texlive/2013/texmf-dist/
fonts/type1/urw/helvetic/uhvb8a.pfb></usr/local/texlive/2013/texmf-dist/fonts/t
ype1/urw/times/utmb8a.pfb></usr/local/texlive/2013/texmf-dist/fonts/type1/urw/t
imes/utmr8a.pfb></usr/local/texlive/2013/texmf-dist/fonts/type1/urw/times/utmri
8a.pfb>
Output written on outline.pdf (11 pages, 505350 bytes).
PDF statistics:
 178 PDF objects out of 1000 (max. 8388607)
 123 compressed objects within 2 object streams
 0 named destinations out of 1000 (max. 500000)
 41 words of extra memory for PDF output out of 10000 (max. 10000000)

